<?xml version="1.0" encoding="UTF-8"?>
<!-- Generated by org.testng.reporters.JUnitReportReporter -->
<testsuite hostname="DESKTOP-GA5D9PH" failures="0" tests="1" name="trial.script.Demo" time="1.147" errors="0" timestamp="2024-07-04T12:06:02 IST" skipped="0">
  <testcase classname="trial.script.Demo" name="checkingTheLinks" time="1.147"/>
  <system-out/>
</testsuite> <!-- trial.script.Demo -->
